<?xml version="1.0" encoding="UTF-8"?>
<!-- Generated by org.testng.reporters.JUnitReportReporter -->
<testsuite hostname="user" failures="0" tests="1" name="com.framework.april_thirty.SwitchParentToChild" time="10.488" errors="0" timestamp="30 Apr. 2024 17:03:13 GMT" skipped="0">
  <testcase classname="com.framework.april_thirty.SwitchParentToChild" name="tabs" time="10.488"/>
</testsuite> <!-- com.framework.april_thirty.SwitchParentToChild -->
