<?xml version="1.0" encoding="UTF-8"?>
<!-- Generated by org.testng.reporters.JUnitReportReporter -->
<testsuite hostname="vaish" failures="0" tests="1" name="com.framework.april_thirty.SwitchParentToChild" time="58.229" errors="0" timestamp="02 May 2024 19:50:16 GMT" skipped="0">
  <testcase classname="com.framework.april_thirty.SwitchParentToChild" name="tabs" time="58.229"/>
</testsuite> <!-- com.framework.april_thirty.SwitchParentToChild -->
